<?xml version="1.0" encoding="UTF-8"?>
<testsuites name="20190719_175418" timestamp="2019-07-19T17:54:18" time="17.018" tests="7" errors="0">
  <testsuite id="1" name="DemoProject" package="DemoProject" hostname="ATMECSINDT-051" timestamp="2019-07-19T17:54:20" time="6.829" tests="7" errors="0">
    <properties>
      <property name="Run From" value="ATMECSINDT-051" />
      <property name="Run OS" value="amd64 Windows 10 10.0" />
      <property name="Run User" value="shagufta.nisar" />
      <property name="Iteration" value="1 of 1" />
      <property name="Script" value="DemoProject.xlsx" />
      <property name="Logs" value="C:\projects\DemoProject\output\20190719_175418\logs\nexial-20190719_175418.log" />
      <property name="Data File" value="DemoProject.data.xlsx" />
      <property name="DataSheet(s)" value="#default" />
      <property name="JAVA_OPT" value="-Dorg.apache.poi.util.POILogger=org.apache.poi.util.NullLogger" />
      <property name="runtime args" value="-script C:\projects\DemoProject\artifact\script\DemoProject.xlsx" />
    </properties>
    <testcase id="Activity 1" name="Activity 1" classname="Scenario (2)" timestamp="2019-07-19T17:54:21" time="4.998">
      <system-out>Total : 3
Passed: 3
Failed: 0
Output: C:\projects\DemoProject\output\20190719_175418\DemoProject.20190719_175420.001.xlsx
Logs  : C:\projects\DemoProject\output\20190719_175418\logs\nexial-20190719_175418.log</system-out>
    </testcase>
    <testcase id="Activity 2" name="Activity 2" classname="Scenario (2)" timestamp="2019-07-19T17:54:23" time="3.080">
      <system-out>Total : 4
Passed: 4
Failed: 0
Output: C:\projects\DemoProject\output\20190719_175418\DemoProject.20190719_175420.001.xlsx
Logs  : C:\projects\DemoProject\output\20190719_175418\logs\nexial-20190719_175418.log</system-out>
    </testcase>
  </testsuite>
</testsuites>
