<?xml version="1.0" encoding="UTF-8"?>
<testsuites name="20190724_170117" timestamp="2019-07-24T17:01:17" time="22.210" tests="7" errors="2">
  <testsuite id="1" name="WebAutomation" package="WebAutomation" hostname="ATMECSINDT-051" timestamp="2019-07-24T17:01:18" time="20.040" tests="7" errors="2">
    <properties>
      <property name="Run From" value="ATMECSINDT-051" />
      <property name="Run OS" value="amd64 Windows 10 10.0" />
      <property name="Run User" value="shagufta.nisar" />
      <property name="Iteration" value="1 of 1" />
      <property name="Script" value="WebAutomation.xlsx" />
      <property name="Logs" value="C:\projects\WebAutomation\output\20190724_170117\logs\nexial-20190724_170117.log" />
      <property name="Data File" value="WebAutomation.data.xlsx" />
      <property name="DataSheet(s)" value="#default" />
      <property name="JAVA_OPT" value="-Dorg.apache.poi.util.POILogger=org.apache.poi.util.NullLogger" />
      <property name="runtime args" value="-script C:\projects\WebAutomation\artifact\script\WebAutomation.xlsx -scenario S2" />
    </properties>
    <testcase id="Activity 1" name="Activity 1" classname="S2" timestamp="2019-07-24T17:01:20" time="17.495">
      <failure type="failure found in test activity" message="2 of 7 FAILED. Check C:\projects\WebAutomation\output\20190724_170117\WebAutomation.20190724_170118.001.xlsx for execution result, C:\projects\WebAutomation\output\20190724_170117\logs\nexial-20190724_170117.log for execution logs" />
      <system-out>Total : 7
Passed: 5
Failed: 2
Output: C:\projects\WebAutomation\output\20190724_170117\WebAutomation.20190724_170118.001.xlsx
Logs  : C:\projects\WebAutomation\output\20190724_170117\logs\nexial-20190724_170117.log</system-out>
    </testcase>
  </testsuite>
</testsuites>
