<?xml version="1.0" encoding="UTF-8"?>
<testsuites name="20190719_145015" timestamp="2019-07-19T14:50:15" time="10.013" tests="3" errors="0">
  <testsuite id="1001" name="1 DemoProject" package="1 DemoProject" hostname="ATMECSINDT-051" timestamp="2019-07-19T14:50:16" time="4.081" tests="3" errors="0">
    <properties>
      <property name="Run From" value="ATMECSINDT-051" />
      <property name="Run OS" value="amd64 Windows 10 10.0" />
      <property name="Run User" value="shagufta.nisar" />
      <property name="Iteration" value="1 of 1" />
      <property name="Script" value="DemoProject.xlsx" />
      <property name="Logs" value="C:\projects\DemoProject\output\20190719_145015\logs\nexial-20190719_145015.log" />
      <property name="Data File" value="DemoProject.data.xlsx" />
      <property name="DataSheet(s)" value="#default" />
      <property name="JAVA_OPT" value="-Dorg.apache.poi.util.POILogger=org.apache.poi.util.NullLogger" />
      <property name="runtime args" value="-plan C:\projects\DemoProject\artifact\plan\DemoProject-plan.xlsx" />
    </properties>
    <testcase id="Activity 1" name="Activity 1" classname="Scenario" timestamp="2019-07-19T14:50:18" time="2.345">
      <system-out>Total : 3
Passed: 3
Failed: 0
Output: C:\projects\DemoProject\output\20190719_145015\DemoProject-plan.001,DemoProject.20190719_145016.001.xlsx
Logs  : C:\projects\DemoProject\output\20190719_145015\logs\nexial-20190719_145015.log</system-out>
    </testcase>
  </testsuite>
</testsuites>
