<?xml version="1.0" encoding="UTF-8"?>
<testsuites name="20190719_172751" timestamp="2019-07-19T17:27:51" time="23.017" tests="10" errors="0">
  <testsuite id="1" name="DemoProject" package="DemoProject" hostname="ATMECSINDT-051" timestamp="2019-07-19T17:27:52" time="8.866" tests="10" errors="0">
    <properties>
      <property name="Run From" value="ATMECSINDT-051" />
      <property name="Run OS" value="amd64 Windows 10 10.0" />
      <property name="Run User" value="shagufta.nisar" />
      <property name="Iteration" value="1 of 1" />
      <property name="Script" value="DemoProject.xlsx" />
      <property name="Logs" value="C:\projects\DemoProject\output\20190719_172751\logs\nexial-20190719_172751.log" />
      <property name="Data File" value="DemoProject.data.xlsx" />
      <property name="DataSheet(s)" value="#default" />
      <property name="JAVA_OPT" value="-Dorg.apache.poi.util.POILogger=org.apache.poi.util.NullLogger" />
      <property name="runtime args" value="-script C:\projects\DemoProject\artifact\script\DemoProject.xlsx" />
    </properties>
    <testcase id="Activity 1" name="Activity 1" classname="Scenario (2)" timestamp="2019-07-19T17:27:54" time="6.960">
      <system-out>Total : 3
Passed: 3
Failed: 0
Output: C:\projects\DemoProject\output\20190719_172751\DemoProject.20190719_172752.001.xlsx
Logs  : C:\projects\DemoProject\output\20190719_172751\logs\nexial-20190719_172751.log</system-out>
    </testcase>
    <testcase id="Activity 2" name="Activity 2" classname="Scenario (2)" timestamp="2019-07-19T17:27:56" time="5.041">
      <system-out>Total : 7
Passed: 7
Failed: 0
Output: C:\projects\DemoProject\output\20190719_172751\DemoProject.20190719_172752.001.xlsx
Logs  : C:\projects\DemoProject\output\20190719_172751\logs\nexial-20190719_172751.log</system-out>
    </testcase>
  </testsuite>
</testsuites>
