<?xml version="1.0" encoding="UTF-8"?>
<testsuites name="20190723_174311" timestamp="2019-07-23T17:43:11" time="51.492" tests="1" errors="0">
  <testsuite id="1" name="WebAutomation" package="WebAutomation" hostname="ATMECSINDT-051" timestamp="2019-07-23T17:43:13" time="26.330" tests="1" errors="0">
    <properties>
      <property name="Run From" value="ATMECSINDT-051" />
      <property name="Run OS" value="amd64 Windows 10 10.0" />
      <property name="Run User" value="shagufta.nisar" />
      <property name="Iteration" value="1 of 1" />
      <property name="Script" value="WebAutomation.xlsx" />
      <property name="Logs" value="C:\projects\WebAutomation\output\20190723_174311\logs\nexial-20190723_174311.log" />
      <property name="Data File" value="WebAutomation.data.xlsx" />
      <property name="DataSheet(s)" value="#default" />
      <property name="JAVA_OPT" value="-Dorg.apache.poi.util.POILogger=org.apache.poi.util.NullLogger" />
      <property name="runtime args" value="-script C:\projects\WebAutomation\artifact\script\WebAutomation.xlsx" />
    </properties>
    <testcase id="Activity 1" name="Activity 1" classname="Scenario" timestamp="2019-07-23T17:43:38" time="1.407">
      <system-out>Total : 1
Passed: 1
Failed: 0
Output: C:\projects\WebAutomation\output\20190723_174311\WebAutomation.20190723_174313.001.xlsx
Logs  : C:\projects\WebAutomation\output\20190723_174311\logs\nexial-20190723_174311.log</system-out>
    </testcase>
  </testsuite>
</testsuites>
