<?xml version="1.0" encoding="UTF-8"?>
<testsuites name="20190729_170140" timestamp="2019-07-29T17:01:40" time="65.045" tests="37" errors="6">
  <testsuite id="1" name="OrangeHRM" package="OrangeHRM" hostname="ATMECSINDT-051" timestamp="2019-07-29T17:01:41" time="59.209" tests="37" errors="6">
    <properties>
      <property name="Run From" value="ATMECSINDT-051" />
      <property name="Run OS" value="amd64 Windows 10 10.0" />
      <property name="Run User" value="shagufta.nisar" />
      <property name="Iteration" value="1 of 1" />
      <property name="Script" value="OrangeHRM.xlsx" />
      <property name="Logs" value="C:\projects\OrangeHRM\output\20190729_170140\logs\nexial-20190729_170140.log" />
      <property name="Data File" value="OrangeHRM.data.xlsx" />
      <property name="DataSheet(s)" value="#default" />
      <property name="JAVA_OPT" value="-Dorg.apache.poi.util.POILogger=org.apache.poi.util.NullLogger" />
      <property name="runtime args" value="-script C:\projects\OrangeHRM\artifact\script\OrangeHRM.xlsx" />
    </properties>
    <testcase id="Activity 1" name="Activity 1" classname="Scenario" timestamp="2019-07-29T17:01:43" time="57.243">
      <failure type="failure found in test activity" message="6 of 37 FAILED. Check C:\projects\OrangeHRM\output\20190729_170140\OrangeHRM.20190729_170141.001.xlsx for execution result, C:\projects\OrangeHRM\output\20190729_170140\logs\nexial-20190729_170140.log for execution logs" />
      <system-out>Total : 37
Passed: 31
Failed: 6
Output: C:\projects\OrangeHRM\output\20190729_170140\OrangeHRM.20190729_170141.001.xlsx
Logs  : C:\projects\OrangeHRM\output\20190729_170140\logs\nexial-20190729_170140.log</system-out>
    </testcase>
  </testsuite>
</testsuites>
