<?xml version="1.0" encoding="UTF-8"?>
<testsuites name="20190719_145354" timestamp="2019-07-19T14:53:54" time="4.009" tests="0" errors="0">
  <testsuite id="1001" name="1 DemoProject" package="1 DemoProject" hostname="ATMECSINDT-051" timestamp="2019-07-19T14:53:56" time="1.530" tests="0" errors="0">
    <properties>
      <property name="Run From" value="ATMECSINDT-051" />
      <property name="Run OS" value="amd64 Windows 10 10.0" />
      <property name="Run User" value="shagufta.nisar" />
      <property name="Iteration" value="1 of 1" />
      <property name="Script" value="DemoProject.xlsx" />
    </properties>
  </testsuite>
</testsuites>
