<?xml version="1.0" encoding="UTF-8"?>
<testsuites name="20190719_174826" timestamp="2019-07-19T17:48:26" time="12.018" tests="7" errors="1">
  <testsuite id="1" name="DemoProject" package="DemoProject" hostname="ATMECSINDT-051" timestamp="2019-07-19T17:48:27" time="6.890" tests="7" errors="1">
    <properties>
      <property name="Run From" value="ATMECSINDT-051" />
      <property name="Run OS" value="amd64 Windows 10 10.0" />
      <property name="Run User" value="shagufta.nisar" />
      <property name="Iteration" value="1 of 1" />
      <property name="Script" value="DemoProject.xlsx" />
      <property name="Logs" value="C:\projects\DemoProject\output\20190719_174826\logs\nexial-20190719_174826.log" />
      <property name="Data File" value="DemoProject.data.xlsx" />
      <property name="DataSheet(s)" value="#default" />
      <property name="JAVA_OPT" value="-Dorg.apache.poi.util.POILogger=org.apache.poi.util.NullLogger" />
      <property name="runtime args" value="-script C:\projects\DemoProject\artifact\script\DemoProject.xlsx" />
    </properties>
    <testcase id="Activity 1" name="Activity 1" classname="Scenario (2)" timestamp="2019-07-19T17:48:29" time="5.066">
      <system-out>Total : 3
Passed: 3
Failed: 0
Output: C:\projects\DemoProject\output\20190719_174826\DemoProject.20190719_174827.001.xlsx
Logs  : C:\projects\DemoProject\output\20190719_174826\logs\nexial-20190719_174826.log</system-out>
    </testcase>
    <testcase id="Activity 2" name="Activity 2" classname="Scenario (2)" timestamp="2019-07-19T17:48:31" time="3.148">
      <failure type="failure found in test activity" message="1 of 4 FAILED. Check C:\projects\DemoProject\output\20190719_174826\DemoProject.20190719_174827.001.xlsx for execution result, C:\projects\DemoProject\output\20190719_174826\logs\nexial-20190719_174826.log for execution logs" />
      <system-out>Total : 4
Passed: 3
Failed: 1
Output: C:\projects\DemoProject\output\20190719_174826\DemoProject.20190719_174827.001.xlsx
Logs  : C:\projects\DemoProject\output\20190719_174826\logs\nexial-20190719_174826.log</system-out>
    </testcase>
  </testsuite>
</testsuites>
