<?xml version="1.0" encoding="UTF-8"?>
<testsuites name="20190725_114621" timestamp="2019-07-25T11:46:21" time="29.181" tests="12" errors="2">
  <testsuite id="1" name="WebAutomation" package="WebAutomation" hostname="ATMECSINDT-051" timestamp="2019-07-25T11:46:22" time="26.745" tests="12" errors="2">
    <properties>
      <property name="Run From" value="ATMECSINDT-051" />
      <property name="Run OS" value="amd64 Windows 10 10.0" />
      <property name="Run User" value="shagufta.nisar" />
      <property name="Iteration" value="1 of 1" />
      <property name="Script" value="WebAutomation.xlsx" />
      <property name="Logs" value="C:\projects\WebAutomation\output\20190725_114621\logs\nexial-20190725_114621.log" />
      <property name="Data File" value="WebAutomation.data.xlsx" />
      <property name="DataSheet(s)" value="#default" />
      <property name="JAVA_OPT" value="-Dorg.apache.poi.util.POILogger=org.apache.poi.util.NullLogger" />
      <property name="runtime args" value="-script C:\projects\WebAutomation\artifact\script\WebAutomation.xlsx" />
    </properties>
    <testcase id="Activity 1" name="Activity 1" classname="S2" timestamp="2019-07-25T11:46:24" time="24.597">
      <failure type="failure found in test activity" message="2 of 7 FAILED. Check C:\projects\WebAutomation\output\20190725_114621\WebAutomation.20190725_114622.001.xlsx for execution result, C:\projects\WebAutomation\output\20190725_114621\logs\nexial-20190725_114621.log for execution logs" />
      <system-out>Total : 7
Passed: 5
Failed: 2
Output: C:\projects\WebAutomation\output\20190725_114621\WebAutomation.20190725_114622.001.xlsx
Logs  : C:\projects\WebAutomation\output\20190725_114621\logs\nexial-20190725_114621.log</system-out>
    </testcase>
    <testcase id="Activity 1" name="Activity 1" classname="Scenario" timestamp="2019-07-25T11:46:42" time="7.063">
      <system-out>Total : 5
Passed: 5
Failed: 0
Output: C:\projects\WebAutomation\output\20190725_114621\WebAutomation.20190725_114622.001.xlsx
Logs  : C:\projects\WebAutomation\output\20190725_114621\logs\nexial-20190725_114621.log</system-out>
    </testcase>
  </testsuite>
</testsuites>
