<?xml version="1.0" encoding="UTF-8"?>
<testsuites name="20190723_185410" timestamp="2019-07-23T18:54:10" time="19.240" tests="5" errors="0">
  <testsuite id="1" name="WebAutomation" package="WebAutomation" hostname="ATMECSINDT-051" timestamp="2019-07-23T18:54:11" time="15.639" tests="5" errors="0">
    <properties>
      <property name="Run From" value="ATMECSINDT-051" />
      <property name="Run OS" value="amd64 Windows 10 10.0" />
      <property name="Run User" value="shagufta.nisar" />
      <property name="Iteration" value="1 of 1" />
      <property name="Script" value="WebAutomation.xlsx" />
      <property name="Logs" value="C:\projects\WebAutomation\output\20190723_185410\logs\nexial-20190723_185410.log" />
      <property name="Data File" value="WebAutomation.data.xlsx" />
      <property name="DataSheet(s)" value="#default" />
      <property name="JAVA_OPT" value="-Dorg.apache.poi.util.POILogger=org.apache.poi.util.NullLogger" />
      <property name="runtime args" value="-script C:\projects\WebAutomation\artifact\script\WebAutomation.xlsx" />
    </properties>
    <testcase id="Activity 1" name="Activity 1" classname="Scenario" timestamp="2019-07-23T18:54:13" time="13.791">
      <system-out>Total : 5
Passed: 5
Failed: 0
Output: C:\projects\WebAutomation\output\20190723_185410\WebAutomation.20190723_185411.001.xlsx
Logs  : C:\projects\WebAutomation\output\20190723_185410\logs\nexial-20190723_185410.log</system-out>
    </testcase>
  </testsuite>
</testsuites>
